Started GET "/" for ::1 at 2020-05-07 13:42:29 +0200
  [1m[35m (18.8ms)[0m  [1m[34mSELECT sqlite_version(*)[0m
Processing by Rails::WelcomeController#index as HTML
  Rendering C:/Ruby26-x64/lib/ruby/gems/2.6.0/gems/railties-6.0.3/lib/rails/templates/rails/welcome/index.html.erb
  Rendered C:/Ruby26-x64/lib/ruby/gems/2.6.0/gems/railties-6.0.3/lib/rails/templates/rails/welcome/index.html.erb (Duration: 21.1ms | Allocations: 416)
Completed 200 OK in 141ms (Views: 80.6ms | ActiveRecord: 0.0ms | Allocations: 2331)


  [1m[35m (6.4ms)[0m  [1m[34mSELECT sqlite_version(*)[0m
  [1m[35m (10.0ms)[0m  [1m[35mCREATE TABLE "schema_migrations" ("version" varchar NOT NULL PRIMARY KEY)[0m
  [1m[35m (7.8ms)[0m  [1m[35mCREATE TABLE "ar_internal_metadata" ("key" varchar NOT NULL PRIMARY KEY, "value" varchar, "created_at" datetime(6) NOT NULL, "updated_at" datetime(6) NOT NULL)[0m
  [1m[35m (0.4ms)[0m  [1m[34mSELECT "schema_migrations"."version" FROM "schema_migrations" ORDER BY "schema_migrations"."version" ASC[0m
Migrating to CreatePosts (20200507115223)
  [1m[35m (0.1ms)[0m  [1m[36mbegin transaction[0m
  [1m[35m (2.3ms)[0m  [1m[35mCREATE TABLE "posts" ("id" integer PRIMARY KEY AUTOINCREMENT NOT NULL, "title" varchar, "body" text, "created_at" datetime(6) NOT NULL, "updated_at" datetime(6) NOT NULL)[0m
  [1m[36mprimary::SchemaMigration Create (0.4ms)[0m  [1m[32mINSERT INTO "schema_migrations" ("version") VALUES (?)[0m  [["version", "20200507115223"]]
  [1m[35m (6.9ms)[0m  [1m[36mcommit transaction[0m
Migrating to CreateComments (20200507115336)
  [1m[35m (0.1ms)[0m  [1m[36mbegin transaction[0m
  [1m[35m (2.0ms)[0m  [1m[35mCREATE TABLE "comments" ("id" integer PRIMARY KEY AUTOINCREMENT NOT NULL, "post_id" integer NOT NULL, "body" text, "created_at" datetime(6) NOT NULL, "updated_at" datetime(6) NOT NULL, CONSTRAINT "fk_rails_2fd19c0db7"
FOREIGN KEY ("post_id")
  REFERENCES "posts" ("id")
)[0m
  [1m[35m (0.8ms)[0m  [1m[35mCREATE  INDEX "index_comments_on_post_id" ON "comments" ("post_id")[0m
  [1m[36mprimary::SchemaMigration Create (0.5ms)[0m  [1m[32mINSERT INTO "schema_migrations" ("version") VALUES (?)[0m  [["version", "20200507115336"]]
  [1m[35m (9.4ms)[0m  [1m[36mcommit transaction[0m
  [1m[36mActiveRecord::InternalMetadata Load (2.0ms)[0m  [1m[34mSELECT "ar_internal_metadata".* FROM "ar_internal_metadata" WHERE "ar_internal_metadata"."key" = ? LIMIT ?[0m  [["key", "environment"], ["LIMIT", 1]]
  [1m[35m (0.1ms)[0m  [1m[36mbegin transaction[0m
  [1m[36mActiveRecord::InternalMetadata Create (1.7ms)[0m  [1m[32mINSERT INTO "ar_internal_metadata" ("key", "value", "created_at", "updated_at") VALUES (?, ?, ?, ?)[0m  [["key", "environment"], ["value", "development"], ["created_at", "2020-05-07 11:54:17.180960"], ["updated_at", "2020-05-07 11:54:17.180960"]]
  [1m[35m (6.3ms)[0m  [1m[36mcommit transaction[0m
  [1m[35m (0.1ms)[0m  [1m[34mSELECT sqlite_version(*)[0m
  [1m[35m (0.2ms)[0m  [1m[34mSELECT "schema_migrations"."version" FROM "schema_migrations" ORDER BY "schema_migrations"."version" ASC[0m
DEPRECATION WARNING: Using `bin/rake routes` is deprecated and will be removed in Rails 6.1. Use `bin/rails routes` instead.
 (called from load at C:/Ruby26-x64/bin/rake:23)
Started GET "/" for ::1 at 2020-05-07 13:56:54 +0200
  [1m[35m (6.5ms)[0m  [1m[34mSELECT sqlite_version(*)[0m
  [1m[35m (0.4ms)[0m  [1m[34mSELECT "schema_migrations"."version" FROM "schema_migrations" ORDER BY "schema_migrations"."version" ASC[0m
Processing by Rails::WelcomeController#index as HTML
  Rendering C:/Ruby26-x64/lib/ruby/gems/2.6.0/gems/railties-6.0.3/lib/rails/templates/rails/welcome/index.html.erb
  Rendered C:/Ruby26-x64/lib/ruby/gems/2.6.0/gems/railties-6.0.3/lib/rails/templates/rails/welcome/index.html.erb (Duration: 12.4ms | Allocations: 416)
Completed 200 OK in 79ms (Views: 30.4ms | ActiveRecord: 0.0ms | Allocations: 2331)


Started GET "/post" for ::1 at 2020-05-07 13:57:01 +0200
  
ActionController::RoutingError (No route matches [GET] "/post"):
  
actionpack (6.0.3) lib/action_dispatch/middleware/debug_exceptions.rb:36:in `call'
web-console (4.0.2) lib/web_console/middleware.rb:132:in `call_app'
web-console (4.0.2) lib/web_console/middleware.rb:28:in `block in call'
web-console (4.0.2) lib/web_console/middleware.rb:17:in `catch'
web-console (4.0.2) lib/web_console/middleware.rb:17:in `call'
actionpack (6.0.3) lib/action_dispatch/middleware/show_exceptions.rb:33:in `call'
railties (6.0.3) lib/rails/rack/logger.rb:37:in `call_app'
railties (6.0.3) lib/rails/rack/logger.rb:26:in `block in call'
activesupport (6.0.3) lib/active_support/tagged_logging.rb:80:in `block in tagged'
activesupport (6.0.3) lib/active_support/tagged_logging.rb:28:in `tagged'
activesupport (6.0.3) lib/active_support/tagged_logging.rb:80:in `tagged'
railties (6.0.3) lib/rails/rack/logger.rb:26:in `call'
sprockets-rails (3.2.1) lib/sprockets/rails/quiet_assets.rb:13:in `call'
actionpack (6.0.3) lib/action_dispatch/middleware/remote_ip.rb:81:in `call'
actionpack (6.0.3) lib/action_dispatch/middleware/request_id.rb:27:in `call'
rack (2.2.2) lib/rack/method_override.rb:24:in `call'
rack (2.2.2) lib/rack/runtime.rb:22:in `call'
activesupport (6.0.3) lib/active_support/cache/strategy/local_cache_middleware.rb:29:in `call'
actionpack (6.0.3) lib/action_dispatch/middleware/executor.rb:14:in `call'
actionpack (6.0.3) lib/action_dispatch/middleware/static.rb:126:in `call'
rack (2.2.2) lib/rack/sendfile.rb:110:in `call'
actionpack (6.0.3) lib/action_dispatch/middleware/host_authorization.rb:82:in `call'
webpacker (4.2.2) lib/webpacker/dev_server_proxy.rb:23:in `perform_request'
rack-proxy (0.6.5) lib/rack/proxy.rb:57:in `call'
railties (6.0.3) lib/rails/engine.rb:527:in `call'
puma (4.3.3) lib/puma/configuration.rb:228:in `call'
puma (4.3.3) lib/puma/server.rb:682:in `handle_request'
puma (4.3.3) lib/puma/server.rb:472:in `process_client'
puma (4.3.3) lib/puma/server.rb:328:in `block in run'
puma (4.3.3) lib/puma/thread_pool.rb:134:in `block in spawn_thread'
Started GET "/posts" for ::1 at 2020-05-07 13:57:13 +0200
Processing by PostsController#index as HTML
  Rendering posts/index.html.erb within layouts/application
  [1m[36mPost Load (0.4ms)[0m  [1m[34mSELECT "posts".* FROM "posts"[0m
  ↳ app/views/posts/index.html.erb:15
  Rendered posts/index.html.erb within layouts/application (Duration: 8.9ms | Allocations: 1441)
[Webpacker] Compiling...
[Webpacker] Compiled all packs in C:/Sites/blog/public/packs
[Webpacker] Hash: 15d1bb7b54cf6326b9ba
Version: webpack 4.43.0
Time: 5204ms
Built at: 07/05/2020 13:57:26
                                     Asset       Size       Chunks                         Chunk Names
    js/application-9afcbb5693aa87623e69.js    124 KiB  application  [emitted] [immutable]  application
js/application-9afcbb5693aa87623e69.js.map    139 KiB  application  [emitted] [dev]        application
                             manifest.json  364 bytes               [emitted]              
Entrypoint application = js/application-9afcbb5693aa87623e69.js js/application-9afcbb5693aa87623e69.js.map
[./app/javascript/channels sync recursive _channel\.js$] ./app/javascript/channels sync _channel\.js$ 160 bytes {application} [built]
[./app/javascript/channels/index.js] 211 bytes {application} [built]
[./app/javascript/packs/application.js] 749 bytes {application} [built]
[./node_modules/webpack/buildin/module.js] (webpack)/buildin/module.js 552 bytes {application} [built]
    + 3 hidden modules

Completed 200 OK in 13063ms (Views: 13040.4ms | ActiveRecord: 1.1ms | Allocations: 28958)


Started GET "/posts/new" for ::1 at 2020-05-07 13:58:45 +0200
Processing by PostsController#new as HTML
  Rendering posts/new.html.erb within layouts/application
  Rendered posts/_form.html.erb (Duration: 75.4ms | Allocations: 4559)
  Rendered posts/new.html.erb within layouts/application (Duration: 79.2ms | Allocations: 4910)
[Webpacker] Everything's up-to-date. Nothing to do
Completed 200 OK in 189ms (Views: 179.3ms | ActiveRecord: 1.1ms | Allocations: 12884)


Started POST "/posts" for ::1 at 2020-05-07 13:58:59 +0200
Processing by PostsController#create as HTML
  Parameters: {"authenticity_token"=>"BTSChZLP/ibWMcg4gzL1XB8Hf/SxhLqTqLG6v2OTc5lBnPfxOUHVRcR7CM0oTHiCTAYQuP/9mI5Uh3S9NGDH9g==", "post"=>{"title"=>"Lo que me gusta", "body"=>"Jugar al futbol"}, "commit"=>"Create Post"}
  [1m[35m (0.1ms)[0m  [1m[36mbegin transaction[0m
  ↳ app/controllers/posts_controller.rb:30:in `block in create'
  [1m[36mPost Create (3.9ms)[0m  [1m[32mINSERT INTO "posts" ("title", "body", "created_at", "updated_at") VALUES (?, ?, ?, ?)[0m  [["title", "Lo que me gusta"], ["body", "Jugar al futbol"], ["created_at", "2020-05-07 11:58:59.631354"], ["updated_at", "2020-05-07 11:58:59.631354"]]
  ↳ app/controllers/posts_controller.rb:30:in `block in create'
  [1m[35m (6.4ms)[0m  [1m[36mcommit transaction[0m
  ↳ app/controllers/posts_controller.rb:30:in `block in create'
Redirected to http://localhost:3000/posts/1
Completed 302 Found in 27ms (ActiveRecord: 10.4ms | Allocations: 3021)


Started GET "/posts/1" for ::1 at 2020-05-07 13:58:59 +0200
Processing by PostsController#show as HTML
  Parameters: {"id"=>"1"}
  [1m[36mPost Load (1.1ms)[0m  [1m[34mSELECT "posts".* FROM "posts" WHERE "posts"."id" = ? LIMIT ?[0m  [["id", 1], ["LIMIT", 1]]
  ↳ app/controllers/posts_controller.rb:67:in `set_post'
  Rendering posts/show.html.erb within layouts/application
  Rendered posts/show.html.erb within layouts/application (Duration: 2.1ms | Allocations: 259)
[Webpacker] Everything's up-to-date. Nothing to do
Completed 200 OK in 99ms (Views: 73.6ms | ActiveRecord: 1.1ms | Allocations: 6147)


Started GET "/posts" for ::1 at 2020-05-07 13:59:02 +0200
Processing by PostsController#index as HTML
  Rendering posts/index.html.erb within layouts/application
  [1m[36mPost Load (0.2ms)[0m  [1m[34mSELECT "posts".* FROM "posts"[0m
  ↳ app/views/posts/index.html.erb:15
  Rendered posts/index.html.erb within layouts/application (Duration: 5.8ms | Allocations: 786)
[Webpacker] Everything's up-to-date. Nothing to do
Completed 200 OK in 58ms (Views: 56.6ms | ActiveRecord: 0.2ms | Allocations: 5313)


Started GET "/" for ::1 at 2020-05-07 14:21:45 +0200
  [1m[35m (5.2ms)[0m  [1m[34mSELECT sqlite_version(*)[0m
  [1m[35m (0.2ms)[0m  [1m[34mSELECT "schema_migrations"."version" FROM "schema_migrations" ORDER BY "schema_migrations"."version" ASC[0m
Processing by Rails::WelcomeController#index as HTML
  Rendering C:/Ruby26-x64/lib/ruby/gems/2.6.0/gems/railties-6.0.3/lib/rails/templates/rails/welcome/index.html.erb
  Rendered C:/Ruby26-x64/lib/ruby/gems/2.6.0/gems/railties-6.0.3/lib/rails/templates/rails/welcome/index.html.erb (Duration: 9.1ms | Allocations: 416)
Completed 200 OK in 54ms (Views: 23.5ms | ActiveRecord: 0.0ms | Allocations: 2331)


Started GET "/comments" for ::1 at 2020-05-07 14:21:50 +0200
Processing by CommentsController#index as HTML
  Rendering comments/index.html.erb within layouts/application
  [1m[36mComment Load (0.3ms)[0m  [1m[34mSELECT "comments".* FROM "comments"[0m
  ↳ app/views/comments/index.html.erb:15
  Rendered comments/index.html.erb within layouts/application (Duration: 7.0ms | Allocations: 1425)
[Webpacker] Everything's up-to-date. Nothing to do
Completed 200 OK in 220ms (Views: 190.2ms | ActiveRecord: 0.7ms | Allocations: 11614)


Started GET "/comments/new" for ::1 at 2020-05-07 14:21:52 +0200
Processing by CommentsController#new as HTML
  Rendering comments/new.html.erb within layouts/application
  Rendered comments/_form.html.erb (Duration: 46.7ms | Allocations: 4749)
  Rendered comments/new.html.erb within layouts/application (Duration: 51.0ms | Allocations: 5105)
[Webpacker] Everything's up-to-date. Nothing to do
Completed 200 OK in 117ms (Views: 107.3ms | ActiveRecord: 0.7ms | Allocations: 13092)


Started GET "/posts" for ::1 at 2020-05-08 08:58:54 +0200
  [1m[35m (5.9ms)[0m  [1m[34mSELECT sqlite_version(*)[0m
  [1m[35m (0.3ms)[0m  [1m[34mSELECT "schema_migrations"."version" FROM "schema_migrations" ORDER BY "schema_migrations"."version" ASC[0m
Processing by PostsController#index as HTML
  Rendering posts/index.html.erb within layouts/application
  [1m[36mPost Load (0.3ms)[0m  [1m[34mSELECT "posts".* FROM "posts"[0m
  ↳ app/views/posts/index.html.erb:15
  Rendered posts/index.html.erb within layouts/application (Duration: 12.6ms | Allocations: 5139)
[Webpacker] Everything's up-to-date. Nothing to do
Completed 200 OK in 204ms (Views: 173.2ms | ActiveRecord: 1.1ms | Allocations: 15859)


Started GET "/posts/new" for ::1 at 2020-05-08 08:58:56 +0200
Processing by PostsController#new as HTML
  Rendering posts/new.html.erb within layouts/application
  Rendered posts/_form.html.erb (Duration: 45.0ms | Allocations: 4683)
  Rendered posts/new.html.erb within layouts/application (Duration: 47.9ms | Allocations: 5039)
[Webpacker] Everything's up-to-date. Nothing to do
Completed 200 OK in 95ms (Views: 92.0ms | ActiveRecord: 0.0ms | Allocations: 9724)


Started GET "/posts" for ::1 at 2020-05-08 08:58:58 +0200
Processing by PostsController#index as HTML
  Rendering posts/index.html.erb within layouts/application
  [1m[36mPost Load (0.2ms)[0m  [1m[34mSELECT "posts".* FROM "posts"[0m
  ↳ app/views/posts/index.html.erb:15
  Rendered posts/index.html.erb within layouts/application (Duration: 1.8ms | Allocations: 796)
[Webpacker] Everything's up-to-date. Nothing to do
Completed 200 OK in 45ms (Views: 43.5ms | ActiveRecord: 0.2ms | Allocations: 5328)


Started GET "/posts/new" for ::1 at 2020-05-08 08:59:02 +0200
Processing by PostsController#new as HTML
  Rendering posts/new.html.erb within layouts/application
  Rendered posts/_form.html.erb (Duration: 1.8ms | Allocations: 711)
  Rendered posts/new.html.erb within layouts/application (Duration: 2.6ms | Allocations: 805)
[Webpacker] Everything's up-to-date. Nothing to do
Completed 200 OK in 49ms (Views: 46.6ms | ActiveRecord: 0.0ms | Allocations: 5340)


Started POST "/posts" for ::1 at 2020-05-08 08:59:16 +0200
Processing by PostsController#create as HTML
  Parameters: {"authenticity_token"=>"CfLR+R4Sf1V8TLVbMP5Af5BC9Cm9Wq/ETNKMfCy9xMgwvDcMuCt9IRxPcC2/smbH8/b7kdDxs/CFyJz2WyqbKQ==", "post"=>{"title"=>"Me gusta bailar", "body"=>"Estaría todo el día bailando"}, "commit"=>"Create Post"}
  [1m[35m (0.0ms)[0m  [1m[36mbegin transaction[0m
  ↳ app/controllers/posts_controller.rb:30:in `block in create'
  [1m[36mPost Create (1.3ms)[0m  [1m[32mINSERT INTO "posts" ("title", "body", "created_at", "updated_at") VALUES (?, ?, ?, ?)[0m  [["title", "Me gusta bailar"], ["body", "Estaría todo el día bailando"], ["created_at", "2020-05-08 06:59:16.977569"], ["updated_at", "2020-05-08 06:59:16.977569"]]
  ↳ app/controllers/posts_controller.rb:30:in `block in create'
  [1m[35m (5.5ms)[0m  [1m[36mcommit transaction[0m
  ↳ app/controllers/posts_controller.rb:30:in `block in create'
Redirected to http://localhost:3000/posts/2
Completed 302 Found in 13ms (ActiveRecord: 6.8ms | Allocations: 3023)


Started GET "/posts/2" for ::1 at 2020-05-08 08:59:17 +0200
Processing by PostsController#show as HTML
  Parameters: {"id"=>"2"}
  [1m[36mPost Load (0.4ms)[0m  [1m[34mSELECT "posts".* FROM "posts" WHERE "posts"."id" = ? LIMIT ?[0m  [["id", 2], ["LIMIT", 1]]
  ↳ app/controllers/posts_controller.rb:67:in `set_post'
  Rendering posts/show.html.erb within layouts/application
  Rendered posts/show.html.erb within layouts/application (Duration: 1.1ms | Allocations: 260)
[Webpacker] Everything's up-to-date. Nothing to do
Completed 200 OK in 62ms (Views: 44.4ms | ActiveRecord: 0.4ms | Allocations: 6139)


Started GET "/posts" for ::1 at 2020-05-08 08:59:25 +0200
Processing by PostsController#index as HTML
  Rendering posts/index.html.erb within layouts/application
  [1m[36mPost Load (0.2ms)[0m  [1m[34mSELECT "posts".* FROM "posts"[0m
  ↳ app/views/posts/index.html.erb:15
  Rendered posts/index.html.erb within layouts/application (Duration: 1.9ms | Allocations: 919)
[Webpacker] Everything's up-to-date. Nothing to do
Completed 200 OK in 58ms (Views: 56.9ms | ActiveRecord: 0.2ms | Allocations: 5437)


Started GET "/comments" for ::1 at 2020-05-08 08:59:30 +0200
Processing by CommentsController#index as HTML
  Rendering comments/index.html.erb within layouts/application
  [1m[36mComment Load (0.2ms)[0m  [1m[34mSELECT "comments".* FROM "comments"[0m
  ↳ app/views/comments/index.html.erb:15
  Rendered comments/index.html.erb within layouts/application (Duration: 3.2ms | Allocations: 1251)
[Webpacker] Everything's up-to-date. Nothing to do
Completed 200 OK in 95ms (Views: 65.5ms | ActiveRecord: 0.5ms | Allocations: 7371)


Started GET "/comments/new" for ::1 at 2020-05-08 08:59:32 +0200
Processing by CommentsController#new as HTML
  Rendering comments/new.html.erb within layouts/application
  Rendered comments/_form.html.erb (Duration: 3.2ms | Allocations: 1155)
  Rendered comments/new.html.erb within layouts/application (Duration: 5.9ms | Allocations: 1498)
[Webpacker] Everything's up-to-date. Nothing to do
Completed 200 OK in 54ms (Views: 47.6ms | ActiveRecord: 0.4ms | Allocations: 9183)


Started POST "/comments" for ::1 at 2020-05-08 09:00:04 +0200
Processing by CommentsController#create as HTML
  Parameters: {"authenticity_token"=>"oxdL0leYODQ79hgBiGF99w4rfva3r+cp/o7EMVvCfT5lIA4LtkQOXpV9t3W57JZv4astNm4fN178LOgiBFGWtA==", "comment"=>{"post_id"=>"Hola", "body"=>"Me alegra que te guste el fútbol. A mí también me gusta."}, "commit"=>"Create Comment"}
  [1m[35m (0.1ms)[0m  [1m[36mbegin transaction[0m
  ↳ app/controllers/comments_controller.rb:30:in `block in create'
  [1m[36mPost Load (0.1ms)[0m  [1m[34mSELECT "posts".* FROM "posts" WHERE "posts"."id" = ? LIMIT ?[0m  [["id", 0], ["LIMIT", 1]]
  ↳ app/controllers/comments_controller.rb:30:in `block in create'
  [1m[35m (0.0ms)[0m  [1m[31mrollback transaction[0m
  ↳ app/controllers/comments_controller.rb:30:in `block in create'
  Rendering comments/new.html.erb within layouts/application
  Rendered comments/_form.html.erb (Duration: 1.1ms | Allocations: 875)
  Rendered comments/new.html.erb within layouts/application (Duration: 1.6ms | Allocations: 968)
[Webpacker] Everything's up-to-date. Nothing to do
Completed 200 OK in 111ms (Views: 56.2ms | ActiveRecord: 0.2ms | Allocations: 11788)


Started POST "/comments" for ::1 at 2020-05-08 09:00:13 +0200
Processing by CommentsController#create as HTML
  Parameters: {"authenticity_token"=>"ezSNnl1EbZELBHzg1s4HmofbqZniZTBqhv4QPZQNeB0VAJMQ7iUyp/FtoApkjTK+pm3j1/WRxYZ4Q7dNrBwb8A==", "comment"=>{"post_id"=>"Hola", "body"=>"Me alegra que te guste el fútbol. A mí también me gusta."}, "commit"=>"Create Comment"}
  [1m[35m (0.0ms)[0m  [1m[36mbegin transaction[0m
  ↳ app/controllers/comments_controller.rb:30:in `block in create'
  [1m[36mPost Load (0.1ms)[0m  [1m[34mSELECT "posts".* FROM "posts" WHERE "posts"."id" = ? LIMIT ?[0m  [["id", 0], ["LIMIT", 1]]
  ↳ app/controllers/comments_controller.rb:30:in `block in create'
  [1m[35m (0.0ms)[0m  [1m[31mrollback transaction[0m
  ↳ app/controllers/comments_controller.rb:30:in `block in create'
  Rendering comments/new.html.erb within layouts/application
  Rendered comments/_form.html.erb (Duration: 1.2ms | Allocations: 861)
  Rendered comments/new.html.erb within layouts/application (Duration: 1.7ms | Allocations: 954)
[Webpacker] Everything's up-to-date. Nothing to do
Completed 200 OK in 51ms (Views: 46.3ms | ActiveRecord: 0.2ms | Allocations: 8893)


Started GET "/comments" for ::1 at 2020-05-08 09:00:15 +0200
Processing by CommentsController#index as HTML
  Rendering comments/index.html.erb within layouts/application
  [1m[36mComment Load (0.1ms)[0m  [1m[34mSELECT "comments".* FROM "comments"[0m
  ↳ app/views/comments/index.html.erb:15
  Rendered comments/index.html.erb within layouts/application (Duration: 1.5ms | Allocations: 656)
[Webpacker] Everything's up-to-date. Nothing to do
Completed 200 OK in 45ms (Views: 43.6ms | ActiveRecord: 0.1ms | Allocations: 5173)


Started GET "/comments/new" for ::1 at 2020-05-08 09:00:17 +0200
Processing by CommentsController#new as HTML
  Rendering comments/new.html.erb within layouts/application
  Rendered comments/_form.html.erb (Duration: 0.9ms | Allocations: 712)
  Rendered comments/new.html.erb within layouts/application (Duration: 1.4ms | Allocations: 805)
[Webpacker] Everything's up-to-date. Nothing to do
Completed 200 OK in 47ms (Views: 45.7ms | ActiveRecord: 0.0ms | Allocations: 5341)


Started POST "/comments" for ::1 at 2020-05-08 09:00:21 +0200
Processing by CommentsController#create as HTML
  Parameters: {"authenticity_token"=>"PeeRKZgyMmDI73kDQoFqbX4WfMKLTh3eAn1mGsTjKkr70NTwee4ECmZk1ndzDIH1kZYvAlL+zakA30oJm3DBwA==", "comment"=>{"post_id"=>"dad", "body"=>"qeqe"}, "commit"=>"Create Comment"}
  [1m[35m (0.1ms)[0m  [1m[36mbegin transaction[0m
  ↳ app/controllers/comments_controller.rb:30:in `block in create'
  [1m[36mPost Load (0.2ms)[0m  [1m[34mSELECT "posts".* FROM "posts" WHERE "posts"."id" = ? LIMIT ?[0m  [["id", 0], ["LIMIT", 1]]
  ↳ app/controllers/comments_controller.rb:30:in `block in create'
  [1m[35m (0.1ms)[0m  [1m[31mrollback transaction[0m
  ↳ app/controllers/comments_controller.rb:30:in `block in create'
  Rendering comments/new.html.erb within layouts/application
  Rendered comments/_form.html.erb (Duration: 2.2ms | Allocations: 860)
  Rendered comments/new.html.erb within layouts/application (Duration: 3.7ms | Allocations: 953)
[Webpacker] Everything's up-to-date. Nothing to do
Completed 200 OK in 58ms (Views: 51.0ms | ActiveRecord: 0.3ms | Allocations: 8901)


Started GET "/comments" for ::1 at 2020-05-08 09:00:23 +0200
Processing by CommentsController#index as HTML
  Rendering comments/index.html.erb within layouts/application
  [1m[36mComment Load (0.1ms)[0m  [1m[34mSELECT "comments".* FROM "comments"[0m
  ↳ app/views/comments/index.html.erb:15
  Rendered comments/index.html.erb within layouts/application (Duration: 1.4ms | Allocations: 654)
[Webpacker] Everything's up-to-date. Nothing to do
Completed 200 OK in 45ms (Views: 43.7ms | ActiveRecord: 0.1ms | Allocations: 5167)


Started GET "/" for ::1 at 2020-05-08 09:00:27 +0200
Processing by Rails::WelcomeController#index as HTML
  Rendering C:/Ruby26-x64/lib/ruby/gems/2.6.0/gems/railties-6.0.3/lib/rails/templates/rails/welcome/index.html.erb
  Rendered C:/Ruby26-x64/lib/ruby/gems/2.6.0/gems/railties-6.0.3/lib/rails/templates/rails/welcome/index.html.erb (Duration: 5.5ms | Allocations: 192)
Completed 200 OK in 17ms (Views: 6.6ms | ActiveRecord: 0.0ms | Allocations: 976)


Started GET "/posts" for ::1 at 2020-05-08 09:00:32 +0200
Processing by PostsController#index as HTML
  Rendering posts/index.html.erb within layouts/application
  [1m[36mPost Load (0.2ms)[0m  [1m[34mSELECT "posts".* FROM "posts"[0m
  ↳ app/views/posts/index.html.erb:15
  Rendered posts/index.html.erb within layouts/application (Duration: 3.1ms | Allocations: 1163)
[Webpacker] Everything's up-to-date. Nothing to do
Completed 200 OK in 56ms (Views: 52.9ms | ActiveRecord: 0.2ms | Allocations: 6608)


Started GET "/posts/1" for ::1 at 2020-05-08 09:00:35 +0200
Processing by PostsController#show as HTML
  Parameters: {"id"=>"1"}
  [1m[36mPost Load (0.2ms)[0m  [1m[34mSELECT "posts".* FROM "posts" WHERE "posts"."id" = ? LIMIT ?[0m  [["id", 1], ["LIMIT", 1]]
  ↳ app/controllers/posts_controller.rb:67:in `set_post'
  Rendering posts/show.html.erb within layouts/application
  Rendered posts/show.html.erb within layouts/application (Duration: 0.7ms | Allocations: 250)
[Webpacker] Everything's up-to-date. Nothing to do
Completed 200 OK in 77ms (Views: 73.2ms | ActiveRecord: 0.2ms | Allocations: 5467)


Started GET "/posts/1/edit" for ::1 at 2020-05-08 09:00:37 +0200
Processing by PostsController#edit as HTML
  Parameters: {"id"=>"1"}
  [1m[36mPost Load (0.1ms)[0m  [1m[34mSELECT "posts".* FROM "posts" WHERE "posts"."id" = ? LIMIT ?[0m  [["id", 1], ["LIMIT", 1]]
  ↳ app/controllers/posts_controller.rb:67:in `set_post'
  Rendering posts/edit.html.erb within layouts/application
  Rendered posts/_form.html.erb (Duration: 1.7ms | Allocations: 1090)
  Rendered posts/edit.html.erb within layouts/application (Duration: 5.2ms | Allocations: 1486)
[Webpacker] Everything's up-to-date. Nothing to do
Completed 200 OK in 51ms (Views: 47.9ms | ActiveRecord: 0.1ms | Allocations: 6687)


Started GET "/posts" for ::1 at 2020-05-08 09:00:40 +0200
Processing by PostsController#index as HTML
  Rendering posts/index.html.erb within layouts/application
  [1m[36mPost Load (0.2ms)[0m  [1m[34mSELECT "posts".* FROM "posts"[0m
  ↳ app/views/posts/index.html.erb:15
  Rendered posts/index.html.erb within layouts/application (Duration: 1.8ms | Allocations: 912)
[Webpacker] Everything's up-to-date. Nothing to do
Completed 200 OK in 46ms (Views: 45.1ms | ActiveRecord: 0.2ms | Allocations: 5434)


Started GET "/posts/1" for ::1 at 2020-05-08 09:00:44 +0200
Processing by PostsController#show as HTML
  Parameters: {"id"=>"1"}
  [1m[36mPost Load (0.2ms)[0m  [1m[34mSELECT "posts".* FROM "posts" WHERE "posts"."id" = ? LIMIT ?[0m  [["id", 1], ["LIMIT", 1]]
  ↳ app/controllers/posts_controller.rb:67:in `set_post'
  Rendering posts/show.html.erb within layouts/application
  Rendered posts/show.html.erb within layouts/application (Duration: 0.2ms | Allocations: 81)
[Webpacker] Everything's up-to-date. Nothing to do
Completed 200 OK in 56ms (Views: 54.4ms | ActiveRecord: 0.2ms | Allocations: 5150)


Started GET "/posts" for ::1 at 2020-05-08 09:00:46 +0200
Processing by PostsController#index as HTML
  Rendering posts/index.html.erb within layouts/application
  [1m[36mPost Load (0.2ms)[0m  [1m[34mSELECT "posts".* FROM "posts"[0m
  ↳ app/views/posts/index.html.erb:15
  Rendered posts/index.html.erb within layouts/application (Duration: 1.7ms | Allocations: 909)
[Webpacker] Everything's up-to-date. Nothing to do
Completed 200 OK in 45ms (Views: 44.2ms | ActiveRecord: 0.2ms | Allocations: 5432)


Started GET "/comments" for ::1 at 2020-05-08 09:02:24 +0200
Processing by CommentsController#index as HTML
  Rendering comments/index.html.erb within layouts/application
  [1m[36mComment Load (0.2ms)[0m  [1m[34mSELECT "comments".* FROM "comments"[0m
  ↳ app/views/comments/index.html.erb:15
  Rendered comments/index.html.erb within layouts/application (Duration: 2.5ms | Allocations: 911)
[Webpacker] Everything's up-to-date. Nothing to do
Completed 200 OK in 85ms (Views: 82.4ms | ActiveRecord: 0.2ms | Allocations: 6003)


Started GET "/comments/new" for ::1 at 2020-05-08 09:02:25 +0200
Processing by CommentsController#new as HTML
  Rendering comments/new.html.erb within layouts/application
  Rendered comments/_form.html.erb (Duration: 1.5ms | Allocations: 1028)
  Rendered comments/new.html.erb within layouts/application (Duration: 3.9ms | Allocations: 1368)
[Webpacker] Everything's up-to-date. Nothing to do
Completed 200 OK in 49ms (Views: 45.9ms | ActiveRecord: 0.0ms | Allocations: 6026)


Started POST "/comments" for ::1 at 2020-05-08 09:03:11 +0200
Processing by CommentsController#create as HTML
  Parameters: {"authenticity_token"=>"gCw1nGdqw+9mcc8S7BioArn2dnd/UJOZlymXxUB1JuVGG3BFhrb1hcj6YGbdlUOaVnYlt6bgQ+6Vi7vWH+bNbw==", "comment"=>{"post_id"=>"1", "body"=>"A mí también me gusta el fútbol."}, "commit"=>"Create Comment"}
  [1m[35m (0.1ms)[0m  [1m[36mbegin transaction[0m
  ↳ app/controllers/comments_controller.rb:30:in `block in create'
  [1m[36mPost Load (0.2ms)[0m  [1m[34mSELECT "posts".* FROM "posts" WHERE "posts"."id" = ? LIMIT ?[0m  [["id", 1], ["LIMIT", 1]]
  ↳ app/controllers/comments_controller.rb:30:in `block in create'
  [1m[36mComment Create (3.3ms)[0m  [1m[32mINSERT INTO "comments" ("post_id", "body", "created_at", "updated_at") VALUES (?, ?, ?, ?)[0m  [["post_id", 1], ["body", "A mí también me gusta el fútbol."], ["created_at", "2020-05-08 07:03:11.212911"], ["updated_at", "2020-05-08 07:03:11.212911"]]
  ↳ app/controllers/comments_controller.rb:30:in `block in create'
  [1m[35m (6.0ms)[0m  [1m[36mcommit transaction[0m
  ↳ app/controllers/comments_controller.rb:30:in `block in create'
Redirected to http://localhost:3000/comments/1
Completed 302 Found in 18ms (ActiveRecord: 9.5ms | Allocations: 4049)


Started GET "/comments/1" for ::1 at 2020-05-08 09:03:11 +0200
Processing by CommentsController#show as HTML
  Parameters: {"id"=>"1"}
  [1m[36mComment Load (0.3ms)[0m  [1m[34mSELECT "comments".* FROM "comments" WHERE "comments"."id" = ? LIMIT ?[0m  [["id", 1], ["LIMIT", 1]]
  ↳ app/controllers/comments_controller.rb:67:in `set_comment'
  Rendering comments/show.html.erb within layouts/application
  Rendered comments/show.html.erb within layouts/application (Duration: 1.0ms | Allocations: 258)
[Webpacker] Everything's up-to-date. Nothing to do
Completed 200 OK in 60ms (Views: 55.8ms | ActiveRecord: 0.3ms | Allocations: 5616)


Started GET "/comments" for ::1 at 2020-05-08 09:03:15 +0200
Processing by CommentsController#index as HTML
  Rendering comments/index.html.erb within layouts/application
  [1m[36mComment Load (0.2ms)[0m  [1m[34mSELECT "comments".* FROM "comments"[0m
  ↳ app/views/comments/index.html.erb:15
  Rendered comments/index.html.erb within layouts/application (Duration: 1.6ms | Allocations: 784)
[Webpacker] Everything's up-to-date. Nothing to do
Completed 200 OK in 69ms (Views: 67.3ms | ActiveRecord: 0.2ms | Allocations: 5311)


Started GET "/comments/new" for ::1 at 2020-05-08 09:03:17 +0200
Processing by CommentsController#new as HTML
  Rendering comments/new.html.erb within layouts/application
  Rendered comments/_form.html.erb (Duration: 0.9ms | Allocations: 714)
  Rendered comments/new.html.erb within layouts/application (Duration: 1.4ms | Allocations: 807)
[Webpacker] Everything's up-to-date. Nothing to do
Completed 200 OK in 45ms (Views: 44.2ms | ActiveRecord: 0.0ms | Allocations: 5340)


Started POST "/comments" for ::1 at 2020-05-08 09:03:28 +0200
Processing by CommentsController#create as HTML
  Parameters: {"authenticity_token"=>"wKGP3u124+zotZa9k0n0dn+54e+8YPoPMjnktr9u5RoGlsoHDKrVhkY+OcmixB/ukDmyL2XQKngwm8il4P0OkA==", "comment"=>{"post_id"=>"2", "body"=>"Yo amo bailar también."}, "commit"=>"Create Comment"}
  [1m[35m (0.0ms)[0m  [1m[36mbegin transaction[0m
  ↳ app/controllers/comments_controller.rb:30:in `block in create'
  [1m[36mPost Load (0.2ms)[0m  [1m[34mSELECT "posts".* FROM "posts" WHERE "posts"."id" = ? LIMIT ?[0m  [["id", 2], ["LIMIT", 1]]
  ↳ app/controllers/comments_controller.rb:30:in `block in create'
  [1m[36mComment Create (1.8ms)[0m  [1m[32mINSERT INTO "comments" ("post_id", "body", "created_at", "updated_at") VALUES (?, ?, ?, ?)[0m  [["post_id", 2], ["body", "Yo amo bailar también."], ["created_at", "2020-05-08 07:03:28.108070"], ["updated_at", "2020-05-08 07:03:28.108070"]]
  ↳ app/controllers/comments_controller.rb:30:in `block in create'
  [1m[35m (6.5ms)[0m  [1m[36mcommit transaction[0m
  ↳ app/controllers/comments_controller.rb:30:in `block in create'
Redirected to http://localhost:3000/comments/2
Completed 302 Found in 22ms (ActiveRecord: 8.6ms | Allocations: 4009)


Started GET "/comments/2" for ::1 at 2020-05-08 09:03:28 +0200
Processing by CommentsController#show as HTML
  Parameters: {"id"=>"2"}
  [1m[36mComment Load (0.2ms)[0m  [1m[34mSELECT "comments".* FROM "comments" WHERE "comments"."id" = ? LIMIT ?[0m  [["id", 2], ["LIMIT", 1]]
  ↳ app/controllers/comments_controller.rb:67:in `set_comment'
  Rendering comments/show.html.erb within layouts/application
  Rendered comments/show.html.erb within layouts/application (Duration: 0.2ms | Allocations: 83)
[Webpacker] Everything's up-to-date. Nothing to do
Completed 200 OK in 45ms (Views: 42.8ms | ActiveRecord: 0.2ms | Allocations: 5164)


Started GET "/comments" for ::1 at 2020-05-08 09:03:31 +0200
Processing by CommentsController#index as HTML
  Rendering comments/index.html.erb within layouts/application
  [1m[36mComment Load (0.2ms)[0m  [1m[34mSELECT "comments".* FROM "comments"[0m
  ↳ app/views/comments/index.html.erb:15
  Rendered comments/index.html.erb within layouts/application (Duration: 1.8ms | Allocations: 907)
[Webpacker] Everything's up-to-date. Nothing to do
Completed 200 OK in 45ms (Views: 43.8ms | ActiveRecord: 0.2ms | Allocations: 5427)


